<?xml version="1.0" encoding="UTF-8"?>
<testng-results ignored="0" total="1" passed="1" failed="0" skipped="0">
  <reporter-output>
  </reporter-output>
  <suite started-at="2025-06-08T22:27:31 IST" name="Default suite" finished-at="2025-06-08T22:27:38 IST" duration-ms="6928">
    <groups>
    </groups>
    <test started-at="2025-06-08T22:27:31 IST" name="Default test" finished-at="2025-06-08T22:27:38 IST" duration-ms="6928">
      <class name="test.prac_1">
        <test-method is-config="true" signature="start()[pri:0, instance:test.prac_1@7d42c224]" started-at="2025-06-08T22:27:31 IST" name="start" finished-at="2025-06-08T22:27:33 IST" duration-ms="2051" status="PASS">
          <reporter-output>
          </reporter-output>
        </test-method> <!-- start -->
        <test-method signature="action()[pri:0, instance:test.prac_1@7d42c224]" started-at="2025-06-08T22:27:33 IST" name="action" finished-at="2025-06-08T22:27:38 IST" duration-ms="4628" status="PASS">
          <reporter-output>
          </reporter-output>
        </test-method> <!-- action -->
        <test-method is-config="true" signature="end()[pri:0, instance:test.prac_1@7d42c224]" started-at="2025-06-08T22:27:38 IST" name="end" finished-at="2025-06-08T22:27:38 IST" duration-ms="200" status="PASS">
          <reporter-output>
          </reporter-output>
        </test-method> <!-- end -->
      </class> <!-- test.prac_1 -->
    </test> <!-- Default test -->
  </suite> <!-- Default suite -->
</testng-results>
